<?xml version="1.0" encoding="UTF-8"?>
<testsuite name="com.groupesan.project.java.scrumsimulator.mainpackage.ui.panels.SimulationPaneTest" tests="1" skipped="0" failures="0" errors="0" timestamp="2024-10-01T23:39:57" hostname="archlinux" time="0.011">
  <properties/>
  <testcase name="testPaneExistence()" classname="com.groupesan.project.java.scrumsimulator.mainpackage.ui.panels.SimulationPaneTest" time="0.011"/>
  <system-out><![CDATA[]]></system-out>
  <system-err><![CDATA[]]></system-err>
</testsuite>
