<?xml version="1.0" encoding="UTF-8"?>
<testsuite name="com.groupesan.project.java.scrumsimulator.mainpackage.state.SimulationStateTest" tests="3" skipped="0" failures="0" errors="0" timestamp="2024-10-01T23:39:57" hostname="archlinux" time="0.011">
  <properties/>
  <testcase name="testStopSimulation()" classname="com.groupesan.project.java.scrumsimulator.mainpackage.state.SimulationStateTest" time="0.008"/>
  <testcase name="testStartSimulation()" classname="com.groupesan.project.java.scrumsimulator.mainpackage.state.SimulationStateTest" time="0.001"/>
  <testcase name="testInitialState()" classname="com.groupesan.project.java.scrumsimulator.mainpackage.state.SimulationStateTest" time="0.001"/>
  <system-out><![CDATA[]]></system-out>
  <system-err><![CDATA[]]></system-err>
</testsuite>
