<?xml version="1.0" encoding="UTF-8"?>
<testsuite name="com.groupesan.project.java.scrumsimulator.mainpackage.impl.ScrumRoleFactoryTest" tests="3" skipped="0" failures="0" errors="0" timestamp="2024-10-01T23:39:57" hostname="archlinux" time="0.018">
  <properties/>
  <testcase name="testCreateNewProductOwner()" classname="com.groupesan.project.java.scrumsimulator.mainpackage.impl.ScrumRoleFactoryTest" time="0.004"/>
  <testcase name="testCreateNewDeveloper()" classname="com.groupesan.project.java.scrumsimulator.mainpackage.impl.ScrumRoleFactoryTest" time="0.002"/>
  <testcase name="testCreateNewScrumMaster()" classname="com.groupesan.project.java.scrumsimulator.mainpackage.impl.ScrumRoleFactoryTest" time="0.007"/>
  <system-out><![CDATA[]]></system-out>
  <system-err><![CDATA[]]></system-err>
</testsuite>
