<?xml version="1.0" encoding="UTF-8"?>
<testsuite name="com.groupesan.project.java.scrumsimulator.mainpackage.state.UserStoryStateTest" tests="4" skipped="0" failures="0" errors="0" timestamp="2024-10-01T23:39:57" hostname="archlinux" time="0.029">
  <properties/>
  <testcase name="testUserDeletedState()" classname="com.groupesan.project.java.scrumsimulator.mainpackage.state.UserStoryStateTest" time="0.016"/>
  <testcase name="testUserStoryCompletedState()" classname="com.groupesan.project.java.scrumsimulator.mainpackage.state.UserStoryStateTest" time="0.002"/>
  <testcase name="testUserStoryUnselectedState()" classname="com.groupesan.project.java.scrumsimulator.mainpackage.state.UserStoryStateTest" time="0.001"/>
  <testcase name="testUserStorySelectedState()" classname="com.groupesan.project.java.scrumsimulator.mainpackage.state.UserStoryStateTest" time="0.004"/>
  <system-out><![CDATA[]]></system-out>
  <system-err><![CDATA[]]></system-err>
</testsuite>
